<?xml version="1.0" encoding="UTF-8"?>
<!-- Generated by org.testng.reporters.JUnitReportReporter -->
<testsuite hostname="sis-PC" name="com.hrms.testscripts.TC_Excel_WD_TestNG" tests="1" failures="0" timestamp="7 Jun 2020 06:30:53 GMT" time="23.968" errors="0">
  <testcase name="login" time="23.968" classname="com.hrms.testscripts.TC_Excel_WD_TestNG"/>
</testsuite> <!-- com.hrms.testscripts.TC_Excel_WD_TestNG -->
