<?xml version="1.0" encoding="UTF-8"?>
<!-- Generated by org.testng.reporters.JUnitReportReporter -->
<testsuite hostname="sis-PC" name="com.hrms.testscripts.TC_TestNG" tests="2" failures="0" timestamp="6 Jun 2020 14:19:10 GMT" time="0.067" errors="0">
  <testcase name="login" time="0.064" classname="com.hrms.testscripts.TC_TestNG"/>
  <testcase name="logout" time="0.003" classname="com.hrms.testscripts.TC_TestNG"/>
</testsuite> <!-- com.hrms.testscripts.TC_TestNG -->
