<?xml version="1.0" encoding="UTF-8"?>
<!-- Generated by org.testng.reporters.JUnitReportReporter -->
<testsuite hostname="sis-PC" name="com.hrms.testscripts.TC_5130" tests="4" failures="0" timestamp="7 Jun 2020 07:33:15 GMT" time="0.057" errors="0">
  <testcase name="meth4" time="0.004" classname="com.hrms.testscripts.TC_5130"/>
  <testcase name="meth1" time="0.040" classname="com.hrms.testscripts.TC_5130"/>
  <testcase name="meth2" time="0.010" classname="com.hrms.testscripts.TC_5130"/>
  <testcase name="meth3" time="0.003" classname="com.hrms.testscripts.TC_5130"/>
</testsuite> <!-- com.hrms.testscripts.TC_5130 -->
