<?xml version="1.0" encoding="UTF-8"?>
<!-- Generated by org.testng.reporters.JUnitReportReporter -->
<testsuite hostname="sis-PC" name="com.hrms.testscripts.ExampleForTestNgAnnotations" tests="2" failures="0" timestamp="6 Jun 2020 14:32:43 GMT" time="0.017" errors="0">
  <testcase name="delemp" time="0.014" classname="com.hrms.testscripts.ExampleForTestNgAnnotations"/>
  <testcase name="addemp" time="0.003" classname="com.hrms.testscripts.ExampleForTestNgAnnotations"/>
</testsuite> <!-- com.hrms.testscripts.ExampleForTestNgAnnotations -->
