<?xml version="1.0" encoding="UTF-8"?>
<!-- Generated by org.testng.reporters.JUnitReportReporter -->
<testsuite hostname="sis-PC" name="com.hrms.testscripts.WebDriverTestng" tests="1" failures="0" timestamp="7 Jun 2020 06:00:41 GMT" time="36.490" errors="0">
  <testcase name="Login" time="36.490" classname="com.hrms.testscripts.WebDriverTestng"/>
</testsuite> <!-- com.hrms.testscripts.WebDriverTestng -->
