<?xml version="1.0" encoding="UTF-8"?>
<!-- Generated by org.testng.reporters.JUnitReportReporter -->
<testsuite hostname="sis-PC" name="com.hrms.testscripts.CapScreenShot" tests="1" failures="0" timestamp="7 Jun 2020 07:06:27 GMT" time="35.320" errors="0">
  <testcase name="screenshot" time="35.320" classname="com.hrms.testscripts.CapScreenShot"/>
</testsuite> <!-- com.hrms.testscripts.CapScreenShot -->
